{"name": "test_upload_product_when_webLink_is_null06", "status": "broken", "statusDetails": {"message": "selenium.common.exceptions.TimeoutException: Message: \nStacktrace:\nBacktrace:\n\t(No symbol) [0x008937D3]\n\t(No symbol) [0x00828B81]\n\t(No symbol) [0x0072B36D]\n\t(No symbol) [0x0075D382]\n\t(No symbol) [0x0075D4BB]\n\t(No symbol) [0x00793302]\n\t(No symbol) [0x0077B464]\n\t(No symbol) [0x00791215]\n\t(No symbol) [0x0077B216]\n\t(No symbol) [0x00750D97]\n\t(No symbol) [0x0075253D]\n\tGetHandleVerifier [0x00B0ABF2+2510930]\n\tGetHandleVerifier [0x00B38EC1+2700065]\n\tGetHandleVerifier [0x00B3C86C+2714828]\n\tGetHandleVerifier [0x00943480+645344]\n\t(No symbol) [0x00830FD2]\n\t(No symbol) [0x00836C68]\n\t(No symbol) [0x00836D4B]\n\t(No symbol) [0x00840D6B]\n\tBaseThreadInitThunk [0x75C700F9+25]\n\tRtlGetAppContainerNamedObjectPath [0x77C77BBE+286]\n\tRtlGetAppContainerNamedObjectPath [0x77C77B8E+238]", "trace": "self = <TRADO.QA_WEB.Tests.testQA_upload_new_product.Test_Upload_New_Product_not_having_store object at 0x0000018CE542F580>\nset_up_Chrome = <selenium.webdriver.chrome.webdriver.WebDriver (session=\"19cc6af852ba5407b1feaf277abcb809\")>\n\n    @allure.step\n    @allure.description('Successfully login using all info(restaurant,cocktails,phone, loginCode, connection button)')\n    @pytest.mark.usefixtures('set_up_Chrome')\n    @pytest.fixture\n    def Valid_Login_With_login_Code(self, set_up_Chrome):\n        self.click_restaurants()\n        self.click_cocktails()\n        self.click_save_button()\n        self.click_login_section()\n        Phone = Fix_PoneNumber\n>       self.enter_phone(Phone)\n\n..\\Pages\\Pre_Requirment_page\\Pre_Requirement_login.py:80: \n_ _ _ _ _ _ _ _ _ _ _ _ _ _ _ _ _ _ _ _ _ _ _ _ _ _ _ _ _ _ _ _ _ _ _ _ _ _ _ _ _ _ _ _ _ _ _ _ _ _ _ _ _ _ _ _ _ _ _ _ _ _ _ _ _ _ _ _ _ _ _ _ _ _ _ _ _ _ _ _ _ _ _ _ _ _ _ _ _ _ _ _\n..\\Pages\\Pre_Requirment_page\\Pre_Requirement_login.py:50: in enter_phone\n    wait.until(EC.presence_of_element_located((By.XPATH, Pre_Requirement_Locators.PHONE_FIELD)))\n_ _ _ _ _ _ _ _ _ _ _ _ _ _ _ _ _ _ _ _ _ _ _ _ _ _ _ _ _ _ _ _ _ _ _ _ _ _ _ _ _ _ _ _ _ _ _ _ _ _ _ _ _ _ _ _ _ _ _ _ _ _ _ _ _ _ _ _ _ _ _ _ _ _ _ _ _ _ _ _ _ _ _ _ _ _ _ _ _ _ _ _\n\nself = <selenium.webdriver.support.wait.WebDriverWait (session=\"19cc6af852ba5407b1feaf277abcb809\")>\nmethod = <function presence_of_element_located.<locals>._predicate at 0x0000018CE5E45510>, message = ''\n\n    def until(self, method, message: str = \"\"):\n        \"\"\"Calls the method provided with the driver as an argument until the \\\n        return value does not evaluate to ``False``.\n    \n        :param method: callable(WebDriver)\n        :param message: optional message for :exc:`TimeoutException`\n        :returns: the result of the last call to `method`\n        :raises: :exc:`selenium.common.exceptions.TimeoutException` if timeout occurs\n        \"\"\"\n        screen = None\n        stacktrace = None\n    \n        end_time = time.monotonic() + self._timeout\n        while True:\n            try:\n                value = method(self._driver)\n                if value:\n                    return value\n            except self._ignored_exceptions as exc:\n                screen = getattr(exc, \"screen\", None)\n                stacktrace = getattr(exc, \"stacktrace\", None)\n            time.sleep(self._poll)\n            if time.monotonic() > end_time:\n                break\n>       raise TimeoutException(message, screen, stacktrace)\nE       selenium.common.exceptions.TimeoutException: Message: \nE       Stacktrace:\nE       Backtrace:\nE       \t(No symbol) [0x008937D3]\nE       \t(No symbol) [0x00828B81]\nE       \t(No symbol) [0x0072B36D]\nE       \t(No symbol) [0x0075D382]\nE       \t(No symbol) [0x0075D4BB]\nE       \t(No symbol) [0x00793302]\nE       \t(No symbol) [0x0077B464]\nE       \t(No symbol) [0x00791215]\nE       \t(No symbol) [0x0077B216]\nE       \t(No symbol) [0x00750D97]\nE       \t(No symbol) [0x0075253D]\nE       \tGetHandleVerifier [0x00B0ABF2+2510930]\nE       \tGetHandleVerifier [0x00B38EC1+2700065]\nE       \tGetHandleVerifier [0x00B3C86C+2714828]\nE       \tGetHandleVerifier [0x00943480+645344]\nE       \t(No symbol) [0x00830FD2]\nE       \t(No symbol) [0x00836C68]\nE       \t(No symbol) [0x00836D4B]\nE       \t(No symbol) [0x00840D6B]\nE       \tBaseThreadInitThunk [0x75C700F9+25]\nE       \tRtlGetAppContainerNamedObjectPath [0x77C77BBE+286]\nE       \tRtlGetAppContainerNamedObjectPath [0x77C77B8E+238]\n\n..\\..\\..\\venv\\lib\\site-packages\\selenium\\webdriver\\support\\wait.py:95: TimeoutException"}, "description": "Upload a product incorrectly when the user does not have a store and webLink is null", "attachments": [{"name": "stdout", "source": "5bc6ff2f-9060-4c0a-b0f7-18d1d3c17b1b-attachment.txt", "type": "text/plain"}], "start": 1677105599034, "stop": 1677105599034, "uuid": "50d0d502-dfb9-418c-a0d1-822c8d94f4bf", "historyId": "8fc97e16c5b24e7c449219528c475db0", "testCaseId": "5ce4de12d7c9ff34ca55fc97dc8911f0", "fullName": "testQA_upload_new_product.Test_Upload_New_Product_not_having_store#test_upload_product_when_webLink_is_null06", "labels": [{"name": "severity", "value": "critical"}, {"name": "tag", "value": "@pytest.mark.usefixtures('Valid_Login_With_login_Code')"}, {"name": "suite", "value": "testQA_upload_new_product"}, {"name": "subSuite", "value": "Test_Upload_New_Product_not_having_store"}, {"name": "host", "value": "LAPTOP-42FB6NAB"}, {"name": "thread", "value": "27108-MainThread"}, {"name": "framework", "value": "pytest"}, {"name": "language", "value": "cpython3"}, {"name": "package", "value": "testQA_upload_new_product"}]}