{"uuid": "1509f365-cc26-41ef-a363-e6d21ae29ed7", "children": ["b37b5673-0742-44c4-8d84-078d5bf03079"], "befores": [{"name": "Valid_Login_With_login_Code", "status": "broken", "statusDetails": {"message": "selenium.common.exceptions.NoSuchElementException: Message: no such element: Unable to locate element: {\"method\":\"css selector\",\"selector\":\"div[class=\"form_loginCode\"]\"}\n  (Session info: chrome=110.0.5481.104)\nStacktrace:\nBacktrace:\n\t(No symbol) [0x008937D3]\n\t(No symbol) [0x00828B81]\n\t(No symbol) [0x0072B36D]\n\t(No symbol) [0x0075D382]\n\t(No symbol) [0x0075D4BB]\n\t(No symbol) [0x00793302]\n\t(No symbol) [0x0077B464]\n\t(No symbol) [0x00791215]\n\t(No symbol) [0x0077B216]\n\t(No symbol) [0x00750D97]\n\t(No symbol) [0x0075253D]\n\tGetHandleVerifier [0x00B0ABF2+2510930]\n\tGetHandleVerifier [0x00B38EC1+2700065]\n\tGetHandleVerifier [0x00B3C86C+2714828]\n\tGetHandleVerifier [0x00943480+645344]\n\t(No symbol) [0x00830FD2]\n\t(No symbol) [0x00836C68]\n\t(No symbol) [0x00836D4B]\n\t(No symbol) [0x00840D6B]\n\tBaseThreadInitThunk [0x75C700F9+25]\n\tRtlGetAppContainerNamedObjectPath [0x77C77BBE+286]\n\tRtlGetAppContainerNamedObjectPath [0x77C77B8E+238]\n\n", "trace": "  File \"C:\\Users\\user\\QA_Automation\\2023_Final_Project\\venv\\lib\\site-packages\\pluggy\\_callers.py\", line 39, in _multicall\n    res = hook_impl.function(*args)\n  File \"C:\\Users\\user\\QA_Automation\\2023_Final_Project\\venv\\lib\\site-packages\\_pytest\\fixtures.py\", line 1129, in pytest_fixture_setup\n    result = call_fixture_func(fixturefunc, request, kwargs)\n  File \"C:\\Users\\user\\QA_Automation\\2023_Final_Project\\venv\\lib\\site-packages\\_pytest\\fixtures.py\", line 908, in call_fixture_func\n    fixture_result = fixturefunc(**kwargs)\n  File \"C:\\Users\\user\\QA_Automation\\2023_Final_Project\\TRADO\\QA_WEB\\Pages\\Pre_Requirment_page\\Pre_Requirement_login.py\", line 83, in Valid_Login_With_login_Code\n    self.enter_Login_code(sms)\n  File \"C:\\Users\\user\\QA_Automation\\2023_Final_Project\\venv\\lib\\site-packages\\allure_commons\\_allure.py\", line 192, in impl\n    return func(*a, **kw)\n  File \"C:\\Users\\user\\QA_Automation\\2023_Final_Project\\TRADO\\QA_WEB\\Pages\\Pre_Requirment_page\\Pre_Requirement_login.py\", line 64, in enter_Login_code\n    div = self.driver.find_element(By.CSS_SELECTOR, Pre_Requirement_Locators.PASSWORD_FIELD)\n  File \"C:\\Users\\user\\QA_Automation\\2023_Final_Project\\venv\\lib\\site-packages\\selenium\\webdriver\\remote\\webdriver.py\", line 830, in find_element\n    return self.execute(Command.FIND_ELEMENT, {\"using\": by, \"value\": value})[\"value\"]\n  File \"C:\\Users\\user\\QA_Automation\\2023_Final_Project\\venv\\lib\\site-packages\\selenium\\webdriver\\remote\\webdriver.py\", line 440, in execute\n    self.error_handler.check_response(response)\n  File \"C:\\Users\\user\\QA_Automation\\2023_Final_Project\\venv\\lib\\site-packages\\selenium\\webdriver\\remote\\errorhandler.py\", line 245, in check_response\n    raise exception_class(message, screen, stacktrace)\n"}, "steps": [{"name": "click_restaurants", "status": "passed", "start": 1677105969172, "stop": 1677105969260}, {"name": "click_cocktails", "status": "passed", "start": 1677105969260, "stop": 1677105969329}, {"name": "click_save_button", "status": "passed", "start": 1677105969329, "stop": 1677105969764}, {"name": "click_login_section", "status": "passed", "start": 1677105969764, "stop": 1677105970026}, {"name": "enter_phone", "status": "passed", "parameters": [{"name": "phone_number", "value": "'3322114455'"}], "start": 1677105970026, "stop": 1677105970157}, {"name": "click_connect", "status": "passed", "start": 1677105970157, "stop": 1677105970266}, {"name": "enter_Login_code", "status": "broken", "statusDetails": {"message": "selenium.common.exceptions.NoSuchElementException: Message: no such element: Unable to locate element: {\"method\":\"css selector\",\"selector\":\"div[class=\"form_loginCode\"]\"}\n  (Session info: chrome=110.0.5481.104)\nStacktrace:\nBacktrace:\n\t(No symbol) [0x008937D3]\n\t(No symbol) [0x00828B81]\n\t(No symbol) [0x0072B36D]\n\t(No symbol) [0x0075D382]\n\t(No symbol) [0x0075D4BB]\n\t(No symbol) [0x00793302]\n\t(No symbol) [0x0077B464]\n\t(No symbol) [0x00791215]\n\t(No symbol) [0x0077B216]\n\t(No symbol) [0x00750D97]\n\t(No symbol) [0x0075253D]\n\tGetHandleVerifier [0x00B0ABF2+2510930]\n\tGetHandleVerifier [0x00B38EC1+2700065]\n\tGetHandleVerifier [0x00B3C86C+2714828]\n\tGetHandleVerifier [0x00943480+645344]\n\t(No symbol) [0x00830FD2]\n\t(No symbol) [0x00836C68]\n\t(No symbol) [0x00836D4B]\n\t(No symbol) [0x00840D6B]\n\tBaseThreadInitThunk [0x75C700F9+25]\n\tRtlGetAppContainerNamedObjectPath [0x77C77BBE+286]\n\tRtlGetAppContainerNamedObjectPath [0x77C77B8E+238]\n\n", "trace": "  File \"C:\\Users\\user\\QA_Automation\\2023_Final_Project\\venv\\lib\\site-packages\\allure_commons\\_allure.py\", line 192, in impl\n    return func(*a, **kw)\n  File \"C:\\Users\\user\\QA_Automation\\2023_Final_Project\\TRADO\\QA_WEB\\Pages\\Pre_Requirment_page\\Pre_Requirement_login.py\", line 64, in enter_Login_code\n    div = self.driver.find_element(By.CSS_SELECTOR, Pre_Requirement_Locators.PASSWORD_FIELD)\n  File \"C:\\Users\\user\\QA_Automation\\2023_Final_Project\\venv\\lib\\site-packages\\selenium\\webdriver\\remote\\webdriver.py\", line 830, in find_element\n    return self.execute(Command.FIND_ELEMENT, {\"using\": by, \"value\": value})[\"value\"]\n  File \"C:\\Users\\user\\QA_Automation\\2023_Final_Project\\venv\\lib\\site-packages\\selenium\\webdriver\\remote\\webdriver.py\", line 440, in execute\n    self.error_handler.check_response(response)\n  File \"C:\\Users\\user\\QA_Automation\\2023_Final_Project\\venv\\lib\\site-packages\\selenium\\webdriver\\remote\\errorhandler.py\", line 245, in check_response\n    raise exception_class(message, screen, stacktrace)\n"}, "parameters": [{"name": "sms_code", "value": "None"}], "start": 1677105971621, "stop": 1677105976649}], "start": 1677105969172, "stop": 1677105976652}], "start": 1677105969172, "stop": 1677105976956}