{"name": "test_Validate_Add_user_to_admin_byfire", "status": "broken", "statusDetails": {"message": "selenium.common.exceptions.TimeoutException: Message: \nStacktrace:\nRemoteError@chrome://remote/content/shared/RemoteError.sys.mjs:8:8\nWebDriverError@chrome://remote/content/shared/webdriver/Errors.sys.mjs:180:5\nNoSuchElementError@chrome://remote/content/shared/webdriver/Errors.sys.mjs:392:5\nelement.find/</<@chrome://remote/content/marionette/element.sys.mjs:133:16", "trace": "self = <TRADO.ADMIN_WEB.Tests.test_Admin_user.Test_User_Firefox object at 0x000001DED842AA10>\n\n    @pytest.mark.sanity\n    @allure.description('Successfully Logout to Admin website using valid data and Chrome')\n    @allure.severity(allure.severity_level.NORMAL)\n    def test_Validate_Add_user_to_admin_byfire(self):\n        driver = self.driver\n        user = User_Page(driver)\n        user.click_User_Menu_Option()\n        user.click_LANGUAGE()\n        user.click_team_two_to_update()\n        user.enter_FirstName(\"Team\")\n        user.enter_LastName(\"Two\")\n        user.enter_email(\"Trado2@gmail.com\")\n        user.enter_phone(\"0511111112\")\n        user.enter_aditional_phone(\"0500000000\")\n>       user.enter_password(\"\")\n\ntest_Admin_user.py:589: \n_ _ _ _ _ _ _ _ _ _ _ _ _ _ _ _ _ _ _ _ _ _ _ _ _ _ _ _ _ _ _ _ _ _ _ _ _ _ _ _ _ _ _ _ _ _ _ _ _ _ _ _ _ _ _ _ _ _ _ _ _ _ _ _ _ _ _ _ _ _ _ _ _ _ _ _ _ _ _ _ _ _ _ _ _ _ _ _ _ _ _ _\n..\\Pages\\userAdmin_page.py:132: in enter_password\n    password_Input = self.wait.until(EC.presence_of_element_located((By.XPATH, Locators_User.PASSWORD_XPATH)))\n_ _ _ _ _ _ _ _ _ _ _ _ _ _ _ _ _ _ _ _ _ _ _ _ _ _ _ _ _ _ _ _ _ _ _ _ _ _ _ _ _ _ _ _ _ _ _ _ _ _ _ _ _ _ _ _ _ _ _ _ _ _ _ _ _ _ _ _ _ _ _ _ _ _ _ _ _ _ _ _ _ _ _ _ _ _ _ _ _ _ _ _\n\nself = <selenium.webdriver.support.wait.WebDriverWait (session=\"29cd0e03-6d00-4d6c-8f7b-7c51748dc183\")>\nmethod = <function presence_of_element_located.<locals>._predicate at 0x000001DED8EA9D80>, message = ''\n\n    def until(self, method, message: str = \"\"):\n        \"\"\"Calls the method provided with the driver as an argument until the \\\n        return value does not evaluate to ``False``.\n    \n        :param method: callable(WebDriver)\n        :param message: optional message for :exc:`TimeoutException`\n        :returns: the result of the last call to `method`\n        :raises: :exc:`selenium.common.exceptions.TimeoutException` if timeout occurs\n        \"\"\"\n        screen = None\n        stacktrace = None\n    \n        end_time = time.monotonic() + self._timeout\n        while True:\n            try:\n                value = method(self._driver)\n                if value:\n                    return value\n            except self._ignored_exceptions as exc:\n                screen = getattr(exc, \"screen\", None)\n                stacktrace = getattr(exc, \"stacktrace\", None)\n            time.sleep(self._poll)\n            if time.monotonic() > end_time:\n                break\n>       raise TimeoutException(message, screen, stacktrace)\nE       selenium.common.exceptions.TimeoutException: Message: \nE       Stacktrace:\nE       RemoteError@chrome://remote/content/shared/RemoteError.sys.mjs:8:8\nE       WebDriverError@chrome://remote/content/shared/webdriver/Errors.sys.mjs:180:5\nE       NoSuchElementError@chrome://remote/content/shared/webdriver/Errors.sys.mjs:392:5\nE       element.find/</<@chrome://remote/content/marionette/element.sys.mjs:133:16\n\n..\\..\\..\\venv\\lib\\site-packages\\selenium\\webdriver\\support\\wait.py:95: TimeoutException"}, "description": "Successfully Logout to Admin website using valid data and Chrome", "steps": [{"name": "click_User_Menu_Option", "status": "passed", "start": 1677007916048, "stop": 1677007920116}, {"name": "click_LANGUAGE", "status": "passed", "start": 1677007920116, "stop": 1677007921354}, {"name": "click_team_two_to_update", "status": "passed", "start": 1677007921354, "stop": 1677007922614}, {"name": "enter_FirstName", "status": "passed", "steps": [{"name": "assertion", "status": "passed", "parameters": [{"name": "expected", "value": "'Team'"}, {"name": "actual", "value": "'Team'"}], "start": 1677007923657, "stop": 1677007923660}], "parameters": [{"name": "FirstName", "value": "'Team'"}], "start": 1677007922614, "stop": 1677007923660}, {"name": "enter_LastName", "status": "passed", "steps": [{"name": "assertion", "status": "passed", "parameters": [{"name": "expected", "value": "'Two'"}, {"name": "actual", "value": "'Two'"}], "start": 1677007924696, "stop": 1677007924699}], "parameters": [{"name": "LastName", "value": "'Two'"}], "start": 1677007923660, "stop": 1677007924699}, {"name": "enter_email", "status": "passed", "steps": [{"name": "assertion", "status": "passed", "parameters": [{"name": "expected", "value": "'Trado2@gmail.com'"}, {"name": "actual", "value": "'Trado2@gmail.com'"}], "start": 1677007925753, "stop": 1677007925756}], "parameters": [{"name": "email", "value": "'Trado2@gmail.com'"}], "start": 1677007924699, "stop": 1677007925756}, {"name": "enter_phone", "status": "passed", "steps": [{"name": "assertion", "status": "passed", "parameters": [{"name": "expected", "value": "'0511111112'"}, {"name": "actual", "value": "'0511111112'"}], "start": 1677007926819, "stop": 1677007926822}], "parameters": [{"name": "phone", "value": "'0511111112'"}], "start": 1677007925756, "stop": 1677007926822}, {"name": "enter_aditional_phone", "status": "passed", "steps": [{"name": "assertion", "status": "passed", "parameters": [{"name": "expected", "value": "'0500000000'"}, {"name": "actual", "value": "'0500000000'"}], "start": 1677007927872, "stop": 1677007927875}], "parameters": [{"name": "adi_phone", "value": "'0500000000'"}], "start": 1677007926822, "stop": 1677007927875}, {"name": "enter_password", "status": "broken", "statusDetails": {"message": "selenium.common.exceptions.TimeoutException: Message: \nStacktrace:\nRemoteError@chrome://remote/content/shared/RemoteError.sys.mjs:8:8\nWebDriverError@chrome://remote/content/shared/webdriver/Errors.sys.mjs:180:5\nNoSuchElementError@chrome://remote/content/shared/webdriver/Errors.sys.mjs:392:5\nelement.find/</<@chrome://remote/content/marionette/element.sys.mjs:133:16\n\n", "trace": "  File \"C:\\Users\\user\\QA_Automation\\2023_Final_Project\\venv\\lib\\site-packages\\allure_commons\\_allure.py\", line 192, in impl\n    return func(*a, **kw)\n  File \"C:\\Users\\user\\QA_Automation\\2023_Final_Project\\TRADO\\ADMIN_WEB\\Pages\\userAdmin_page.py\", line 132, in enter_password\n    password_Input = self.wait.until(EC.presence_of_element_located((By.XPATH, Locators_User.PASSWORD_XPATH)))\n  File \"C:\\Users\\user\\QA_Automation\\2023_Final_Project\\venv\\lib\\site-packages\\selenium\\webdriver\\support\\wait.py\", line 95, in until\n    raise TimeoutException(message, screen, stacktrace)\n"}, "parameters": [{"name": "password", "value": "''"}], "start": 1677007927875, "stop": 1677008929420}], "attachments": [{"name": "stdout", "source": "a9cf5a0e-b913-450e-aff7-719971398e43-attachment.txt", "type": "text/plain"}], "start": 1677007916047, "stop": 1677008929422, "uuid": "bb92df6e-31d3-4344-8a92-ea17125d98ea", "historyId": "1df6e7a7cf3d17e6a9063ab1359d2f4d", "testCaseId": "f0e84a86b89aa004de18fce687cf3ebc", "fullName": "test_Admin_user.Test_User_Firefox#test_Validate_Add_user_to_admin_byfire", "labels": [{"name": "severity", "value": "normal"}, {"name": "tag", "value": "sanity"}, {"name": "tag", "value": "@pytest.mark.usefixtures('Valid_Login_to_Admin_homePage_With_Firefox_Valid_data_and_Trado_store')"}, {"name": "suite", "value": "test_Admin_user"}, {"name": "subSuite", "value": "Test_User_Firefox"}, {"name": "host", "value": "LAPTOP-42FB6NAB"}, {"name": "thread", "value": "7280-MainThread"}, {"name": "framework", "value": "pytest"}, {"name": "language", "value": "cpython3"}, {"name": "package", "value": "test_Admin_user"}]}