{"name": "test_Validate_Add_Department_to_admin", "status": "broken", "statusDetails": {"message": "selenium.common.exceptions.NoSuchElementException: Message: no such element: Unable to locate element: {\"method\":\"xpath\",\"selector\":\"//body/div[@id='root']/div[1]/div[4]/div[1]/div[1]/form[1]/div[1]/div[4]/span[1]/span[1]\"}\n  (Session info: chrome=110.0.5481.104)\nStacktrace:\nBacktrace:\n\t(No symbol) [0x005837D3]\n\t(No symbol) [0x00518B81]\n\t(No symbol) [0x0041B36D]\n\t(No symbol) [0x0044D382]\n\t(No symbol) [0x0044D4BB]\n\t(No symbol) [0x00483302]\n\t(No symbol) [0x0046B464]\n\t(No symbol) [0x00481215]\n\t(No symbol) [0x0046B216]\n\t(No symbol) [0x00440D97]\n\t(No symbol) [0x0044253D]\n\tGetHandleVerifier [0x007FABF2+2510930]\n\tGetHandleVerifier [0x00828EC1+2700065]\n\tGetHandleVerifier [0x0082C86C+2714828]\n\tGetHandleVerifier [0x00633480+645344]\n\t(No symbol) [0x00520FD2]\n\t(No symbol) [0x00526C68]\n\t(No symbol) [0x00526D4B]\n\t(No symbol) [0x00530D6B]\n\tBaseThreadInitThunk [0x75D400F9+25]\n\tRtlGetAppContainerNamedObjectPath [0x779F7BBE+286]\n\tRtlGetAppContainerNamedObjectPath [0x779F7B8E+238]", "trace": "self = <TRADO.ADMIN_WEB.Tests.test_Admin_Department.Test_User_Chrome object at 0x000001DED833B1C0>\n\n    @pytest.mark.sanity\n    @allure.description('Successfully Add Product')\n    @allure.severity(allure.severity_level.NORMAL)\n    def test_Validate_Add_Department_to_admin(self):\n        driver = self.driver\n        user = Department_Page(driver)\n        user.click_User_Menu_Option()\n        user.click_Kebab_button()\n        user.click_Add_button()\n>       user.click_ADD_button()\n\ntest_Admin_Department.py:116: \n_ _ _ _ _ _ _ _ _ _ _ _ _ _ _ _ _ _ _ _ _ _ _ _ _ _ _ _ _ _ _ _ _ _ _ _ _ _ _ _ _ _ _ _ _ _ _ _ _ _ _ _ _ _ _ _ _ _ _ _ _ _ _ _ _ _ _ _ _ _ _ _ _ _ _ _ _ _ _ _ _ _ _ _ _ _ _ _ _ _ _ _\n..\\Pages\\department_page.py:123: in click_ADD_button\n    self.driver.find_element(By.XPATH, Locators_Dep.ON__OFF).click()\n..\\..\\..\\venv\\lib\\site-packages\\selenium\\webdriver\\remote\\webdriver.py:830: in find_element\n    return self.execute(Command.FIND_ELEMENT, {\"using\": by, \"value\": value})[\"value\"]\n..\\..\\..\\venv\\lib\\site-packages\\selenium\\webdriver\\remote\\webdriver.py:440: in execute\n    self.error_handler.check_response(response)\n_ _ _ _ _ _ _ _ _ _ _ _ _ _ _ _ _ _ _ _ _ _ _ _ _ _ _ _ _ _ _ _ _ _ _ _ _ _ _ _ _ _ _ _ _ _ _ _ _ _ _ _ _ _ _ _ _ _ _ _ _ _ _ _ _ _ _ _ _ _ _ _ _ _ _ _ _ _ _ _ _ _ _ _ _ _ _ _ _ _ _ _\n\nself = <selenium.webdriver.remote.errorhandler.ErrorHandler object at 0x000001DED84F9330>\nresponse = {'status': 404, 'value': '{\"value\":{\"error\":\"no such element\",\"message\":\"no such element: Unable to locate element: {\\...\\n\\\\tRtlGetAppContainerNamedObjectPath [0x779F7BBE+286]\\\\n\\\\tRtlGetAppContainerNamedObjectPath [0x779F7B8E+238]\\\\n\"}}'}\n\n    def check_response(self, response: Dict[str, Any]) -> None:\n        \"\"\"Checks that a JSON response from the WebDriver does not have an\n        error.\n    \n        :Args:\n         - response - The JSON response from the WebDriver server as a dictionary\n           object.\n    \n        :Raises: If the response contains an error message.\n        \"\"\"\n        status = response.get(\"status\", None)\n        if not status or status == ErrorCode.SUCCESS:\n            return\n        value = None\n        message = response.get(\"message\", \"\")\n        screen: str = response.get(\"screen\", \"\")\n        stacktrace = None\n        if isinstance(status, int):\n            value_json = response.get(\"value\", None)\n            if value_json and isinstance(value_json, str):\n                import json\n    \n                try:\n                    value = json.loads(value_json)\n                    if len(value.keys()) == 1:\n                        value = value[\"value\"]\n                    status = value.get(\"error\", None)\n                    if not status:\n                        status = value.get(\"status\", ErrorCode.UNKNOWN_ERROR)\n                        message = value.get(\"value\") or value.get(\"message\")\n                        if not isinstance(message, str):\n                            value = message\n                            message = message.get(\"message\")\n                    else:\n                        message = value.get(\"message\", None)\n                except ValueError:\n                    pass\n    \n        exception_class: Type[WebDriverException]\n        if status in ErrorCode.NO_SUCH_ELEMENT:\n            exception_class = NoSuchElementException\n        elif status in ErrorCode.NO_SUCH_FRAME:\n            exception_class = NoSuchFrameException\n        elif status in ErrorCode.NO_SUCH_SHADOW_ROOT:\n            exception_class = NoSuchShadowRootException\n        elif status in ErrorCode.NO_SUCH_WINDOW:\n            exception_class = NoSuchWindowException\n        elif status in ErrorCode.STALE_ELEMENT_REFERENCE:\n            exception_class = StaleElementReferenceException\n        elif status in ErrorCode.ELEMENT_NOT_VISIBLE:\n            exception_class = ElementNotVisibleException\n        elif status in ErrorCode.INVALID_ELEMENT_STATE:\n            exception_class = InvalidElementStateException\n        elif (\n            status in ErrorCode.INVALID_SELECTOR\n            or status in ErrorCode.INVALID_XPATH_SELECTOR\n            or status in ErrorCode.INVALID_XPATH_SELECTOR_RETURN_TYPER\n        ):\n            exception_class = InvalidSelectorException\n        elif status in ErrorCode.ELEMENT_IS_NOT_SELECTABLE:\n            exception_class = ElementNotSelectableException\n        elif status in ErrorCode.ELEMENT_NOT_INTERACTABLE:\n            exception_class = ElementNotInteractableException\n        elif status in ErrorCode.INVALID_COOKIE_DOMAIN:\n            exception_class = InvalidCookieDomainException\n        elif status in ErrorCode.UNABLE_TO_SET_COOKIE:\n            exception_class = UnableToSetCookieException\n        elif status in ErrorCode.TIMEOUT:\n            exception_class = TimeoutException\n        elif status in ErrorCode.SCRIPT_TIMEOUT:\n            exception_class = TimeoutException\n        elif status in ErrorCode.UNKNOWN_ERROR:\n            exception_class = WebDriverException\n        elif status in ErrorCode.UNEXPECTED_ALERT_OPEN:\n            exception_class = UnexpectedAlertPresentException\n        elif status in ErrorCode.NO_ALERT_OPEN:\n            exception_class = NoAlertPresentException\n        elif status in ErrorCode.IME_NOT_AVAILABLE:\n            exception_class = ImeNotAvailableException\n        elif status in ErrorCode.IME_ENGINE_ACTIVATION_FAILED:\n            exception_class = ImeActivationFailedException\n        elif status in ErrorCode.MOVE_TARGET_OUT_OF_BOUNDS:\n            exception_class = MoveTargetOutOfBoundsException\n        elif status in ErrorCode.JAVASCRIPT_ERROR:\n            exception_class = JavascriptException\n        elif status in ErrorCode.SESSION_NOT_CREATED:\n            exception_class = SessionNotCreatedException\n        elif status in ErrorCode.INVALID_ARGUMENT:\n            exception_class = InvalidArgumentException\n        elif status in ErrorCode.NO_SUCH_COOKIE:\n            exception_class = NoSuchCookieException\n        elif status in ErrorCode.UNABLE_TO_CAPTURE_SCREEN:\n            exception_class = ScreenshotException\n        elif status in ErrorCode.ELEMENT_CLICK_INTERCEPTED:\n            exception_class = ElementClickInterceptedException\n        elif status in ErrorCode.INSECURE_CERTIFICATE:\n            exception_class = InsecureCertificateException\n        elif status in ErrorCode.INVALID_COORDINATES:\n            exception_class = InvalidCoordinatesException\n        elif status in ErrorCode.INVALID_SESSION_ID:\n            exception_class = InvalidSessionIdException\n        elif status in ErrorCode.UNKNOWN_METHOD:\n            exception_class = UnknownMethodException\n        else:\n            exception_class = WebDriverException\n        if not value:\n            value = response[\"value\"]\n        if isinstance(value, str):\n            raise exception_class(value)\n        if message == \"\" and \"message\" in value:\n            message = value[\"message\"]\n    \n        screen = None  # type: ignore[assignment]\n        if \"screen\" in value:\n            screen = value[\"screen\"]\n    \n        stacktrace = None\n        st_value = value.get(\"stackTrace\") or value.get(\"stacktrace\")\n        if st_value:\n            if isinstance(st_value, str):\n                stacktrace = st_value.split(\"\\n\")\n            else:\n                stacktrace = []\n                try:\n                    for frame in st_value:\n                        line = frame.get(\"lineNumber\", \"\")\n                        file = frame.get(\"fileName\", \"<anonymous>\")\n                        if line:\n                            file = f\"{file}:{line}\"\n                        meth = frame.get(\"methodName\", \"<anonymous>\")\n                        if \"className\" in frame:\n                            meth = f\"{frame['className']}.{meth}\"\n                        msg = \"    at %s (%s)\"\n                        msg = msg % (meth, file)\n                        stacktrace.append(msg)\n                except TypeError:\n                    pass\n        if exception_class == UnexpectedAlertPresentException:\n            alert_text = None\n            if \"data\" in value:\n                alert_text = value[\"data\"].get(\"text\")\n            elif \"alert\" in value:\n                alert_text = value[\"alert\"].get(\"text\")\n            raise exception_class(message, screen, stacktrace, alert_text)  # type: ignore[call-arg]  # mypy is not smart enough here\n>       raise exception_class(message, screen, stacktrace)\nE       selenium.common.exceptions.NoSuchElementException: Message: no such element: Unable to locate element: {\"method\":\"xpath\",\"selector\":\"//body/div[@id='root']/div[1]/div[4]/div[1]/div[1]/form[1]/div[1]/div[4]/span[1]/span[1]\"}\nE         (Session info: chrome=110.0.5481.104)\nE       Stacktrace:\nE       Backtrace:\nE       \t(No symbol) [0x005837D3]\nE       \t(No symbol) [0x00518B81]\nE       \t(No symbol) [0x0041B36D]\nE       \t(No symbol) [0x0044D382]\nE       \t(No symbol) [0x0044D4BB]\nE       \t(No symbol) [0x00483302]\nE       \t(No symbol) [0x0046B464]\nE       \t(No symbol) [0x00481215]\nE       \t(No symbol) [0x0046B216]\nE       \t(No symbol) [0x00440D97]\nE       \t(No symbol) [0x0044253D]\nE       \tGetHandleVerifier [0x007FABF2+2510930]\nE       \tGetHandleVerifier [0x00828EC1+2700065]\nE       \tGetHandleVerifier [0x0082C86C+2714828]\nE       \tGetHandleVerifier [0x00633480+645344]\nE       \t(No symbol) [0x00520FD2]\nE       \t(No symbol) [0x00526C68]\nE       \t(No symbol) [0x00526D4B]\nE       \t(No symbol) [0x00530D6B]\nE       \tBaseThreadInitThunk [0x75D400F9+25]\nE       \tRtlGetAppContainerNamedObjectPath [0x779F7BBE+286]\nE       \tRtlGetAppContainerNamedObjectPath [0x779F7B8E+238]\n\n..\\..\\..\\venv\\lib\\site-packages\\selenium\\webdriver\\remote\\errorhandler.py:245: NoSuchElementException"}, "description": "Successfully Add Product", "steps": [{"name": "click_User_Menu_Option", "status": "passed", "start": 1677004012473, "stop": 1677004014599}, {"name": "click_Kebab_button", "status": "passed", "start": 1677004014599, "stop": 1677004016682}, {"name": "click_Add_button", "status": "passed", "start": 1677004016682, "stop": 1677004018871}, {"name": "click_ADD_button", "status": "broken", "statusDetails": {"message": "selenium.common.exceptions.NoSuchElementException: Message: no such element: Unable to locate element: {\"method\":\"xpath\",\"selector\":\"//body/div[@id='root']/div[1]/div[4]/div[1]/div[1]/form[1]/div[1]/div[4]/span[1]/span[1]\"}\n  (Session info: chrome=110.0.5481.104)\nStacktrace:\nBacktrace:\n\t(No symbol) [0x005837D3]\n\t(No symbol) [0x00518B81]\n\t(No symbol) [0x0041B36D]\n\t(No symbol) [0x0044D382]\n\t(No symbol) [0x0044D4BB]\n\t(No symbol) [0x00483302]\n\t(No symbol) [0x0046B464]\n\t(No symbol) [0x00481215]\n\t(No symbol) [0x0046B216]\n\t(No symbol) [0x00440D97]\n\t(No symbol) [0x0044253D]\n\tGetHandleVerifier [0x007FABF2+2510930]\n\tGetHandleVerifier [0x00828EC1+2700065]\n\tGetHandleVerifier [0x0082C86C+2714828]\n\tGetHandleVerifier [0x00633480+645344]\n\t(No symbol) [0x00520FD2]\n\t(No symbol) [0x00526C68]\n\t(No symbol) [0x00526D4B]\n\t(No symbol) [0x00530D6B]\n\tBaseThreadInitThunk [0x75D400F9+25]\n\tRtlGetAppContainerNamedObjectPath [0x779F7BBE+286]\n\tRtlGetAppContainerNamedObjectPath [0x779F7B8E+238]\n\n", "trace": "  File \"C:\\Users\\user\\QA_Automation\\2023_Final_Project\\venv\\lib\\site-packages\\allure_commons\\_allure.py\", line 192, in impl\n    return func(*a, **kw)\n  File \"C:\\Users\\user\\QA_Automation\\2023_Final_Project\\TRADO\\ADMIN_WEB\\Pages\\department_page.py\", line 123, in click_ADD_button\n    self.driver.find_element(By.XPATH, Locators_Dep.ON__OFF).click()\n  File \"C:\\Users\\user\\QA_Automation\\2023_Final_Project\\venv\\lib\\site-packages\\selenium\\webdriver\\remote\\webdriver.py\", line 830, in find_element\n    return self.execute(Command.FIND_ELEMENT, {\"using\": by, \"value\": value})[\"value\"]\n  File \"C:\\Users\\user\\QA_Automation\\2023_Final_Project\\venv\\lib\\site-packages\\selenium\\webdriver\\remote\\webdriver.py\", line 440, in execute\n    self.error_handler.check_response(response)\n  File \"C:\\Users\\user\\QA_Automation\\2023_Final_Project\\venv\\lib\\site-packages\\selenium\\webdriver\\remote\\errorhandler.py\", line 245, in check_response\n    raise exception_class(message, screen, stacktrace)\n"}, "start": 1677004018871, "stop": 1677004040917}], "attachments": [{"name": "stdout", "source": "30af3395-1afa-49aa-ba11-e561aedd3bbb-attachment.txt", "type": "text/plain"}], "start": 1677004012473, "stop": 1677004040921, "uuid": "012c8509-1e7c-44db-9d74-a1294524e8c2", "historyId": "82999421bc197726e9f7b7df9bbc0c84", "testCaseId": "4f1b793f74b4f1cb19b22a8bce0a32e6", "fullName": "test_Admin_Department.Test_User_Chrome#test_Validate_Add_Department_to_admin", "labels": [{"name": "severity", "value": "normal"}, {"name": "tag", "value": "sanity"}, {"name": "tag", "value": "@pytest.mark.usefixtures('Valid_Login_to_Admin_homePage_With_Chrome_Valid_data_and_Trado_store')"}, {"name": "suite", "value": "test_Admin_Department"}, {"name": "subSuite", "value": "Test_User_Chrome"}, {"name": "host", "value": "LAPTOP-42FB6NAB"}, {"name": "thread", "value": "7280-MainThread"}, {"name": "framework", "value": "pytest"}, {"name": "language", "value": "cpython3"}, {"name": "package", "value": "test_Admin_Department"}]}